<?xml version="1.0" encoding="UTF-8"?>
<!-- Generated by org.testng.reporters.JUnitReportReporter -->
<testsuite skipped="0" hostname="DESKTOP-FFEIRQ1" name="test.FlightButtonTest" tests="1" failures="0" timestamp="05 May 2018 12:39:00 GMT" time="26.287" errors="0">
  <testcase name="FlightButton" time="26.287" classname="test.FlightButtonTest"/>
</testsuite> <!-- test.FlightButtonTest -->
